<?xml version="1.0" encoding="UTF-8" ?>
<testsuite tests="13" failures="0" name="MyTest" time="0.024" errors="0" skipped="4">
  <properties>
    <property name="java.runtime.name" value="Java(TM) SE Runtime Environment"/>
    <property name="java.vm.version" value="9.0.1+11"/>
    <property name="sun.boot.library.path" value="C:\Program Files\Java\jdk-9.0.1\bin"/>
    <property name="maven.multiModuleProjectDirectory" value="C:\Program Files (x86)\Jenkins\workspace\Gherkin Demo Build"/>
    <property name="java.vm.vendor" value="Oracle Corporation"/>
    <property name="java.vendor.url" value="http://java.oracle.com/"/>
    <property name="guice.disable.misplaced.annotation.check" value="true"/>
    <property name="path.separator" value=";"/>
    <property name="java.vm.name" value="Java HotSpot(TM) 64-Bit Server VM"/>
    <property name="file.encoding.pkg" value="sun.io"/>
    <property name="sun.os.patch.level" value=""/>
    <property name="user.script" value=""/>
    <property name="user.country" value="US"/>
    <property name="sun.java.launcher" value="SUN_STANDARD"/>
    <property name="java.vm.specification.name" value="Java Virtual Machine Specification"/>
    <property name="user.dir" value="C:\Program Files (x86)\Jenkins\workspace\Gherkin Demo Build"/>
    <property name="java.vm.compressedOopsMode" value="Zero based"/>
    <property name="java.runtime.version" value="9.0.1+11"/>
    <property name="java.awt.graphicsenv" value="sun.awt.Win32GraphicsEnvironment"/>
    <property name="os.arch" value="amd64"/>
    <property name="java.io.tmpdir" value="C:\Users\maorm\AppData\Local\Temp\"/>
    <property name="line.separator" value="
"/>
    <property name="java.vm.specification.vendor" value="Oracle Corporation"/>
    <property name="user.variant" value=""/>
    <property name="os.name" value="Windows 10"/>
    <property name="classworlds.conf" value="C:\tools\apache-maven-3.5.0\bin\..\bin\m2.conf"/>
    <property name="sun.jnu.encoding" value="Cp1252"/>
    <property name="java.library.path" value="C:\Program Files\Java\jdk-9.0.1\bin;C:\windows\Sun\Java\bin;C:\windows\system32;C:\windows;C:\tools\apache-maven-3.5.0/bin;C:\Program Files\Java\jdk-9.0.1/bin;C:\ProgramData\Oracle\Java\javapath;C:\Program Files (x86)\Intel\iCLS Client\;C:\Program Files\Intel\iCLS Client\;C:\windows\system32;C:\windows;C:\windows\System32\Wbem;C:\windows\System32\WindowsPowerShell\v1.0\;C:\Program Files (x86)\Intel\Intel(R) Management Engine Components\DAL;C:\Program Files\Intel\Intel(R) Management Engine Components\DAL;C:\Program Files (x86)\Intel\Intel(R) Management Engine Components\IPT;C:\Program Files\Intel\Intel(R) Management Engine Components\IPT;C:\Program Files\Git\cmd;C:\Program Files (x86)\Yarn\bin;C:\Program Files\nodejs\;C:\Users\maorm\AppData\Local\Microsoft\WindowsApps;C:\Users\maorm\AppData\Local\Yarn\bin;C:\Program Files\Java\jdk-9.0.1\bin;C:\tools\apache-maven-3.5.0\bin;C:\Users\maorm\AppData\Roaming\npm;."/>
    <property name="maven.conf" value="C:\tools\apache-maven-3.5.0\bin\../conf"/>
    <property name="jdk.debug" value="release"/>
    <property name="java.class.version" value="53.0"/>
    <property name="java.specification.name" value="Java Platform API Specification"/>
    <property name="sun.management.compiler" value="HotSpot 64-Bit Tiered Compilers"/>
    <property name="os.version" value="10.0"/>
    <property name="library.jansi.path" value="C:\tools\apache-maven-3.5.0\bin\..\lib\jansi-native\windows64"/>
    <property name="user.home" value="C:\Users\maorm"/>
    <property name="user.timezone" value="Asia/Jerusalem"/>
    <property name="java.awt.printerjob" value="sun.awt.windows.WPrinterJob"/>
    <property name="file.encoding" value="Cp1252"/>
    <property name="java.specification.version" value="9"/>
    <property name="user.name" value="maorm"/>
    <property name="java.class.path" value="C:\tools\apache-maven-3.5.0\bin\..\boot\plexus-classworlds-2.5.2.jar"/>
    <property name="java.vm.specification.version" value="9"/>
    <property name="sun.arch.data.model" value="64"/>
    <property name="sun.java.command" value="org.codehaus.plexus.classworlds.launcher.Launcher clean install"/>
    <property name="java.home" value="C:\Program Files\Java\jdk-9.0.1"/>
    <property name="user.language" value="en"/>
    <property name="java.specification.vendor" value="Oracle Corporation"/>
    <property name="awt.toolkit" value="sun.awt.windows.WToolkit"/>
    <property name="java.vm.info" value="mixed mode"/>
    <property name="java.version" value="9.0.1"/>
    <property name="java.vendor" value="Oracle Corporation"/>
    <property name="maven.home" value="C:\tools\apache-maven-3.5.0\bin\.."/>
    <property name="file.separator" value="\"/>
    <property name="java.vendor.url.bug" value="http://bugreport.java.com/bugreport/"/>
    <property name="sun.io.unicode.encoding" value="UnicodeLittle"/>
    <property name="sun.cpu.endian" value="little"/>
    <property name="sun.desktop" value="windows"/>
    <property name="sun.cpu.isalist" value="amd64"/>
  </properties>
  <testcase classname="Scenario: Open user profile page and verify details" name="Given I am logged in to my application" time="0.004">
    <skipped/>
  </testcase>
  <testcase classname="Scenario: Open user profile page and verify details" name="When I open the user profile page" time="0.004">
    <skipped/>
  </testcase>
  <testcase classname="Scenario: Open user profile page and verify details" name="Then I can see my details" time="0.005">
    <skipped/>
  </testcase>
  <testcase classname="Scenario: Open user profile page and verify details" name="Scenario: Open user profile page and verify details" time="0.005">
    <skipped/>
  </testcase>
  <testcase classname="Scenario: Open user profile page and verify details" name="Scenario: Open user profile page and verify details" time="0.006"/>
  <testcase classname="Scenario: Open Feature Dialog in Octane" name="Given I am in Octane" time="0"/>
  <testcase classname="Scenario: Open Feature Dialog in Octane" name="When Clicking the New Feature" time="0"/>
  <testcase classname="Scenario: Open Feature Dialog in Octane" name="Then Feature dialog is open" time="0"/>
  <testcase classname="Scenario: Open Feature Dialog in Octane" name="Scenario: Open Feature Dialog in Octane" time="0"/>
  <testcase classname="Scenario: Filter by price" name="Given I&apos;m in tablets search results" time="0"/>
  <testcase classname="Scenario: Filter by price" name="When filter by price lower than 1000" time="0"/>
  <testcase classname="Scenario: Filter by price" name="Then Only tablets with lower price will be presented Only tablets with lower price will be presented Only tablets with lower price will be presented" time="0"/>
  <testcase classname="Scenario: Filter by price" name="Scenario: Filter by price" time="0"/>
</testsuite>